<?xml version="1.0" encoding="UTF-8"?>
<testng-results ignored="0" total="1" passed="1" failed="0" skipped="0">
  <reporter-output>
  </reporter-output>
  <suite started-at="2026-01-19T15:59:03 IST" name="Default suite" finished-at="2026-01-19T15:59:17 IST" duration-ms="14733">
    <groups>
    </groups>
    <test started-at="2026-01-19T15:59:03 IST" name="Default test" finished-at="2026-01-19T15:59:17 IST" duration-ms="14733">
      <class name="tests.sales.LeadToBookingE2ETest">
        <test-method is-config="true" signature="setUp()[pri:0, instance:tests.sales.LeadToBookingE2ETest@b62d79]" started-at="2026-01-19T15:59:03 IST" name="setUp" finished-at="2026-01-19T15:59:07 IST" duration-ms="3962" status="PASS">
          <reporter-output>
          </reporter-output>
        </test-method> <!-- setUp -->
        <test-method signature="navigateToInProgressProspect()[pri:0, instance:tests.sales.LeadToBookingE2ETest@b62d79]" started-at="2026-01-19T15:59:07 IST" name="navigateToInProgressProspect" description="Quick View actions Test" finished-at="2026-01-19T15:59:17 IST" duration-ms="10420" status="PASS">
          <reporter-output>
          </reporter-output>
        </test-method> <!-- navigateToInProgressProspect -->
        <test-method is-config="true" signature="tearDown()[pri:0, instance:tests.sales.LeadToBookingE2ETest@b62d79]" started-at="2026-01-19T15:59:17 IST" name="tearDown" finished-at="2026-01-19T15:59:17 IST" duration-ms="273" status="PASS">
          <reporter-output>
          </reporter-output>
        </test-method> <!-- tearDown -->
      </class> <!-- tests.sales.LeadToBookingE2ETest -->
    </test> <!-- Default test -->
  </suite> <!-- Default suite -->
</testng-results>
